<?xml version="1.0" encoding="UTF-8"?>
<testsuite xmlns:xsi="http://www.w3.org/2001/XMLSchema-instance" xsi:noNamespaceSchemaLocation="https://maven.apache.org/surefire/maven-surefire-plugin/xsd/surefire-test-report.xsd" version="3.0.2" name="com.identity.RunCucumberTest" time="24.777" tests="4" errors="0" skipped="0" failures="1">
  <properties>
[...]
</properties>
  <testcase name="Confirm the page title - Assert the page title - Examples - Example #1.1" classname="Confirm the page title - Assert the page title - Examples" time="7.249">
    <system-out><![CDATA[
@wip
Scenario Outline: Assert the page title &amp#27;[90m# com/identity/car_check_reg_number.feature:14&amp#27;[0m
  &amp#27;[32mGiven &amp#27;[0m&amp#27;[32mI am on the home page&amp#27;[0m           &amp#27;[90m# com.identity.CarRegCheckStepDefinitions.i_am_on_the_home_page()&amp#27;[0m
  &amp#27;[32mWhen &amp#27;[0m&amp#27;[32mI check &amp#27;[0m&amp#27;[32m&amp#27;[1m0&amp#27;[0m&amp#27;[32m registration number&amp#27;[0m    &amp#27;[90m# com.identity.CarRegCheckStepDefinitions.i_check_registration_number(java.lang.Integer)&amp#27;[0m
[AD58VNF, BMW, 120DMSPORT, 2008]
  &amp#27;[32mThen &amp#27;[0m&amp#27;[32mI will get result for &amp#27;[0m&amp#27;[32m&amp#27;[1m0&amp#27;[0m          &amp#27;[90m# com.identity.CarRegCheckStepDefinitions.i_will_get_result_for(java.lang.Integer)&amp#27;[0m
]]></system-out>
    <system-err><![CDATA[SLF4J(W): No SLF4J providers were found.
SLF4J(W): Defaulting to no-operation (NOP) logger implementation
SLF4J(W): See https://www.slf4j.org/codes.html#noProviders for further details.
]]></system-err>
  </testcase>
  <testcase name="Confirm the page title - Assert the page title - Examples - Example #1.2" classname="Confirm the page title - Assert the page title - Examples" time="6.432">
    <failure message="&#10;Expected: iterable over [&quot;BW57BOW&quot;, &quot;£19.90&quot;, &quot;£5.95&quot;] in any order&#10;     but: Not matched: &quot;BW57BOF&quot;" type="java.lang.AssertionError"><![CDATA[java.lang.AssertionError: 

Expected: iterable over ["BW57BOW", "£19.90", "£5.95"] in any order
     but: Not matched: "BW57BOF"
	at org.hamcrest.MatcherAssert.assertThat(MatcherAssert.java:20)
	at org.hamcrest.MatcherAssert.assertThat(MatcherAssert.java:8)
	at com.identity.CarRegCheckStepDefinitions.i_will_get_result_for(CarRegCheckStepDefinitions.java:43)
	at ✽.I will get result for 1(classpath:com/identity/car_check_reg_number.feature:11)
]]></failure>
    <system-out><![CDATA[
@wip
Scenario Outline: Assert the page title &amp#27;[90m# com/identity/car_check_reg_number.feature:15&amp#27;[0m
  &amp#27;[32mGiven &amp#27;[0m&amp#27;[32mI am on the home page&amp#27;[0m           &amp#27;[90m# com.identity.CarRegCheckStepDefinitions.i_am_on_the_home_page()&amp#27;[0m
  &amp#27;[32mWhen &amp#27;[0m&amp#27;[32mI check &amp#27;[0m&amp#27;[32m&amp#27;[1m1&amp#27;[0m&amp#27;[32m registration number&amp#27;[0m    &amp#27;[90m# com.identity.CarRegCheckStepDefinitions.i_check_registration_number(java.lang.Integer)&amp#27;[0m
[BW57BOW, £19.90, £5.95]
  &amp#27;[31mThen &amp#27;[0m&amp#27;[31mI will get result for &amp#27;[0m&amp#27;[31m&amp#27;[1m1&amp#27;[0m          &amp#27;[90m# com.identity.CarRegCheckStepDefinitions.i_will_get_result_for(java.lang.Integer)&amp#27;[0m
      &amp#27;[31mjava.lang.AssertionError: 
Expected: iterable over ["BW57BOW", "£19.90", "£5.95"] in any order
     but: Not matched: "BW57BOF"
	at org.hamcrest.MatcherAssert.assertThat(MatcherAssert.java:20)
	at org.hamcrest.MatcherAssert.assertThat(MatcherAssert.java:8)
	at com.identity.CarRegCheckStepDefinitions.i_will_get_result_for(CarRegCheckStepDefinitions.java:43)
	at ✽.I will get result for 1(classpath:com/identity/car_check_reg_number.feature:11)
&amp#27;[0m
Scenario failed. Implement screenshot capture here.
]]></system-out>
  </testcase>
  <testcase name="Confirm the page title - Assert the page title - Examples - Example #1.3" classname="Confirm the page title - Assert the page title - Examples" time="5.56">
    <system-out><![CDATA[
@wip
Scenario Outline: Assert the page title &amp#27;[90m# com/identity/car_check_reg_number.feature:16&amp#27;[0m
  &amp#27;[32mGiven &amp#27;[0m&amp#27;[32mI am on the home page&amp#27;[0m           &amp#27;[90m# com.identity.CarRegCheckStepDefinitions.i_am_on_the_home_page()&amp#27;[0m
  &amp#27;[32mWhen &amp#27;[0m&amp#27;[32mI check &amp#27;[0m&amp#27;[32m&amp#27;[1m2&amp#27;[0m&amp#27;[32m registration number&amp#27;[0m    &amp#27;[90m# com.identity.CarRegCheckStepDefinitions.i_check_registration_number(java.lang.Integer)&amp#27;[0m
[KT17DLX, SKODA, SUPERBSPORTLINETDIS-A, 2017]
  &amp#27;[32mThen &amp#27;[0m&amp#27;[32mI will get result for &amp#27;[0m&amp#27;[32m&amp#27;[1m2&amp#27;[0m          &amp#27;[90m# com.identity.CarRegCheckStepDefinitions.i_will_get_result_for(java.lang.Integer)&amp#27;[0m
]]></system-out>
  </testcase>
  <testcase name="Confirm the page title - Assert the page title - Examples - Example #1.4" classname="Confirm the page title - Assert the page title - Examples" time="5.225">
    <system-out><![CDATA[
@wip
Scenario Outline: Assert the page title &amp#27;[90m# com/identity/car_check_reg_number.feature:17&amp#27;[0m
  &amp#27;[32mGiven &amp#27;[0m&amp#27;[32mI am on the home page&amp#27;[0m           &amp#27;[90m# com.identity.CarRegCheckStepDefinitions.i_am_on_the_home_page()&amp#27;[0m
  &amp#27;[32mWhen &amp#27;[0m&amp#27;[32mI check &amp#27;[0m&amp#27;[32m&amp#27;[1m3&amp#27;[0m&amp#27;[32m registration number&amp#27;[0m    &amp#27;[90m# com.identity.CarRegCheckStepDefinitions.i_check_registration_number(java.lang.Integer)&amp#27;[0m
[SG18HTN, VOLKSWAGEN, GOLFSENAVIGATIONTSIEVO, 2018]
  &amp#27;[32mThen &amp#27;[0m&amp#27;[32mI will get result for &amp#27;[0m&amp#27;[32m&amp#27;[1m3&amp#27;[0m          &amp#27;[90m# com.identity.CarRegCheckStepDefinitions.i_will_get_result_for(java.lang.Integer)&amp#27;[0m
]]></system-out>
  </testcase>
</testsuite>